\\jkm.elinara.lt\pg4589fc\baigiamasis_smuilys\baigiamasissmuilys\x64\debug\baigiamasissmuilys.menu.resources
\\jkm.elinara.lt\pg4589fc\baigiamasis_smuilys\baigiamasissmuilys\x64\debug\baigiamasissmuilys.myform.resources
\\jkm.elinara.lt\pg4589fc\baigiamasis_smuilys\baigiamasissmuilys\x64\debug\baigiamasissmuilys.myform11.resources
\\jkm.elinara.lt\pg4589fc\baigiamasis_smuilys\baigiamasissmuilys\x64\debug\baigiamasissmuilys.myform1.resources
\\jkm.elinara.lt\pg4589fc\baigiamasis_smuilys\baigiamasissmuilys\x64\debug\vc141.pdb
\\jkm.elinara.lt\pg4589fc\baigiamasis_smuilys\baigiamasissmuilys\x64\debug\spausdinimas.obj
\\jkm.elinara.lt\pg4589fc\baigiamasis_smuilys\baigiamasissmuilys\x64\debug\myform3.obj
\\jkm.elinara.lt\pg4589fc\baigiamasis_smuilys\baigiamasissmuilys\x64\debug\myform2.obj
\\jkm.elinara.lt\pg4589fc\baigiamasis_smuilys\baigiamasissmuilys\x64\debug\myform1.obj
\\jkm.elinara.lt\pg4589fc\baigiamasis_smuilys\baigiamasissmuilys\x64\debug\menu.obj
\\jkm.elinara.lt\pg4589fc\baigiamasis_smuilys\baigiamasissmuilys\x64\debug\myform.obj
\\jkm.elinara.lt\pg4589fc\baigiamasis_smuilys\baigiamasissmuilys\x64\debug\.netframework,version=v4.6.1.assemblyattributes.obj
\\jkm.elinara.lt\pg4589fc\baigiamasis_smuilys\baigiamasissmuilys\x64\debug\.netframework,version=v4.6.1.assemblyattributes.asm
\\jkm.elinara.lt\pg4589fc\baigiamasis_smuilys\baigiamasissmuilys\x64\debug\menui.obj
\\jkm.elinara.lt\pg4589fc\baigiamasis_smuilys\x64\debug\baigiamasissmuilys.exe
\\jkm.elinara.lt\pg4589fc\baigiamasis_smuilys\x64\debug\baigiamasissmuilys.pdb
\\jkm.elinara.lt\pg4589fc\baigiamasis_smuilys\baigiamasissmuilys\x64\debug\baigiamasissmuilys.vcxproj.generateresource.cache
\\jkm.elinara.lt\pg4589fc\baigiamasis_smuilys\baigiamasissmuilys\x64\debug\baigiamasissmuilys.vcxprojassemblyreference.cache
\\jkm.elinara.lt\pg4589fc\baigiamasis_smuilys\baigiamasissmuilys\x64\debug\baigiamasissmuilys.res
\\jkm.elinara.lt\pg4589fc\baigiamasis_smuilys\baigiamasissmuilys\x64\debug\baigiama.eaa16c1a.tlog\baigiamasissmuilys.write.1u.tlog
\\jkm.elinara.lt\pg4589fc\baigiamasis_smuilys\baigiamasissmuilys\x64\debug\baigiama.eaa16c1a.tlog\cl.command.1.tlog
\\jkm.elinara.lt\pg4589fc\baigiamasis_smuilys\baigiamasissmuilys\x64\debug\baigiama.eaa16c1a.tlog\cl.read.1.tlog
\\jkm.elinara.lt\pg4589fc\baigiamasis_smuilys\baigiamasissmuilys\x64\debug\baigiama.eaa16c1a.tlog\cl.write.1.tlog
\\jkm.elinara.lt\pg4589fc\baigiamasis_smuilys\baigiamasissmuilys\x64\debug\baigiama.eaa16c1a.tlog\link.command.1.tlog
\\jkm.elinara.lt\pg4589fc\baigiamasis_smuilys\baigiamasissmuilys\x64\debug\baigiama.eaa16c1a.tlog\link.read.1.tlog
\\jkm.elinara.lt\pg4589fc\baigiamasis_smuilys\baigiamasissmuilys\x64\debug\baigiama.eaa16c1a.tlog\link.write.1.tlog
\\jkm.elinara.lt\pg4589fc\baigiamasis_smuilys\baigiamasissmuilys\x64\debug\baigiama.eaa16c1a.tlog\metagen.read.1.tlog
\\jkm.elinara.lt\pg4589fc\baigiamasis_smuilys\baigiamasissmuilys\x64\debug\baigiama.eaa16c1a.tlog\metagen.write.1.tlog
\\jkm.elinara.lt\pg4589fc\baigiamasis_smuilys\baigiamasissmuilys\x64\debug\baigiama.eaa16c1a.tlog\rc.command.1.tlog
\\jkm.elinara.lt\pg4589fc\baigiamasis_smuilys\baigiamasissmuilys\x64\debug\baigiama.eaa16c1a.tlog\rc.read.1.tlog
\\jkm.elinara.lt\pg4589fc\baigiamasis_smuilys\baigiamasissmuilys\x64\debug\baigiama.eaa16c1a.tlog\rc.write.1.tlog
